c:\users\user\source\repos\tiledcpp\tiledcpp\x64\debug\vc143.pdb
c:\users\user\source\repos\tiledcpp\tiledcpp\x64\debug\vc143.idb
c:\users\user\source\repos\tiledcpp\tiledcpp\x64\debug\tworld.obj
c:\users\user\source\repos\tiledcpp\tiledcpp\x64\debug\ttransformcomponent.obj
c:\users\user\source\repos\tiledcpp\tiledcpp\x64\debug\ttilemap.obj
c:\users\user\source\repos\tiledcpp\tiledcpp\x64\debug\ttilecollidercomponent.obj
c:\users\user\source\repos\tiledcpp\tiledcpp\x64\debug\tspriterendercomponent.obj
c:\users\user\source\repos\tiledcpp\tiledcpp\x64\debug\tscene.obj
c:\users\user\source\repos\tiledcpp\tiledcpp\x64\debug\tplaceable.obj
c:\users\user\source\repos\tiledcpp\tiledcpp\x64\debug\tobjectbase.obj
c:\users\user\source\repos\tiledcpp\tiledcpp\x64\debug\tobject.obj
c:\users\user\source\repos\tiledcpp\tiledcpp\x64\debug\tmovementcomponent.obj
c:\users\user\source\repos\tiledcpp\tiledcpp\x64\debug\tilelookup.obj
c:\users\user\source\repos\tiledcpp\tiledcpp\x64\debug\tcomponent.obj
c:\users\user\source\repos\tiledcpp\tiledcpp\x64\debug\main.obj
c:\users\user\source\repos\tiledcpp\tiledcpp\x64\debug\input.obj
c:\users\user\source\repos\tiledcpp\tiledcpp\x64\debug\entity.obj
c:\users\user\source\repos\tiledcpp\tiledcpp\x64\debug\engine.obj
c:\users\user\source\repos\tiledcpp\tiledcpp\x64\debug\assetmanager.obj
c:\users\user\source\repos\tiledcpp\x64\debug\tiledcpp.exe
c:\users\user\source\repos\tiledcpp\x64\debug\tiledcpp.pdb
c:\users\user\source\repos\tiledcpp\tiledcpp\x64\debug\tiledcpp.ilk
c:\users\user\source\repos\tiledcpp\tiledcpp\x64\debug\tiledcpp.tlog\cl.command.1.tlog
c:\users\user\source\repos\tiledcpp\tiledcpp\x64\debug\tiledcpp.tlog\cl.items.tlog
c:\users\user\source\repos\tiledcpp\tiledcpp\x64\debug\tiledcpp.tlog\cl.read.1.tlog
c:\users\user\source\repos\tiledcpp\tiledcpp\x64\debug\tiledcpp.tlog\cl.write.1.tlog
c:\users\user\source\repos\tiledcpp\tiledcpp\x64\debug\tiledcpp.tlog\link.command.1.tlog
c:\users\user\source\repos\tiledcpp\tiledcpp\x64\debug\tiledcpp.tlog\link.read.1.tlog
c:\users\user\source\repos\tiledcpp\tiledcpp\x64\debug\tiledcpp.tlog\link.secondary.1.tlog
c:\users\user\source\repos\tiledcpp\tiledcpp\x64\debug\tiledcpp.tlog\link.write.1.tlog
