  Engine.cpp
  Entity.cpp
C:\Users\User\source\repos\TiledCPP\TiledCPP\TTileMap.h(9,1): error C2504: 'TObject': base class undefined
C:\Users\User\source\repos\TiledCPP\TiledCPP\TTileMap.h(21,18): error C3668: 'TTileMap::Cleanup': method with override specifier 'override' did not override any base class methods
C:\Users\User\source\repos\TiledCPP\TiledCPP\TTileMap.h(22,18): error C3668: 'TTileMap::BeginDestroy': method with override specifier 'override' did not override any base class methods
C:\Users\User\source\repos\TiledCPP\TiledCPP\TTileMap.h(23,18): error C3668: 'TTileMap::Update': method with override specifier 'override' did not override any base class methods
  TMovementComponent.cpp
C:\Users\User\source\repos\TiledCPP\TiledCPP\TTileMap.h(9,1): error C2504: 'TObject': base class undefined
C:\Users\User\source\repos\TiledCPP\TiledCPP\TTileMap.h(21,18): error C3668: 'TTileMap::Cleanup': method with override specifier 'override' did not override any base class methods
C:\Users\User\source\repos\TiledCPP\TiledCPP\TTileMap.h(22,18): error C3668: 'TTileMap::BeginDestroy': method with override specifier 'override' did not override any base class methods
C:\Users\User\source\repos\TiledCPP\TiledCPP\TTileMap.h(23,18): error C3668: 'TTileMap::Update': method with override specifier 'override' did not override any base class methods
  TObject.cpp
C:\Users\User\source\repos\TiledCPP\TiledCPP\TTileMap.h(9,1): error C2504: 'TObject': base class undefined
C:\Users\User\source\repos\TiledCPP\TiledCPP\TTileMap.h(21,18): error C3668: 'TTileMap::Cleanup': method with override specifier 'override' did not override any base class methods
C:\Users\User\source\repos\TiledCPP\TiledCPP\TTileMap.h(22,18): error C3668: 'TTileMap::BeginDestroy': method with override specifier 'override' did not override any base class methods
C:\Users\User\source\repos\TiledCPP\TiledCPP\TTileMap.h(23,18): error C3668: 'TTileMap::Update': method with override specifier 'override' did not override any base class methods
  TPlaceable.cpp
C:\Users\User\source\repos\TiledCPP\TiledCPP\TTileMap.h(9,1): error C2504: 'TObject': base class undefined
C:\Users\User\source\repos\TiledCPP\TiledCPP\TTileMap.h(21,18): error C3668: 'TTileMap::Cleanup': method with override specifier 'override' did not override any base class methods
C:\Users\User\source\repos\TiledCPP\TiledCPP\TTileMap.h(22,18): error C3668: 'TTileMap::BeginDestroy': method with override specifier 'override' did not override any base class methods
C:\Users\User\source\repos\TiledCPP\TiledCPP\TTileMap.h(23,18): error C3668: 'TTileMap::Update': method with override specifier 'override' did not override any base class methods
  TScene.cpp
C:\Users\User\source\repos\TiledCPP\TiledCPP\TWorld.h(21,12): error C2079: 'TWorld::m_Scene' uses undefined class 'TScene'
  TSpriteRenderComponent.cpp
C:\Users\User\source\repos\TiledCPP\TiledCPP\TTileMap.h(9,1): error C2504: 'TObject': base class undefined
C:\Users\User\source\repos\TiledCPP\TiledCPP\TTileMap.h(21,18): error C3668: 'TTileMap::Cleanup': method with override specifier 'override' did not override any base class methods
C:\Users\User\source\repos\TiledCPP\TiledCPP\TTileMap.h(22,18): error C3668: 'TTileMap::BeginDestroy': method with override specifier 'override' did not override any base class methods
C:\Users\User\source\repos\TiledCPP\TiledCPP\TTileMap.h(23,18): error C3668: 'TTileMap::Update': method with override specifier 'override' did not override any base class methods
  TTileColliderComponent.cpp
C:\Users\User\source\repos\TiledCPP\TiledCPP\TTileMap.h(9,1): error C2504: 'TObject': base class undefined
C:\Users\User\source\repos\TiledCPP\TiledCPP\TTileMap.h(21,18): error C3668: 'TTileMap::Cleanup': method with override specifier 'override' did not override any base class methods
C:\Users\User\source\repos\TiledCPP\TiledCPP\TTileMap.h(22,18): error C3668: 'TTileMap::BeginDestroy': method with override specifier 'override' did not override any base class methods
C:\Users\User\source\repos\TiledCPP\TiledCPP\TTileMap.h(23,18): error C3668: 'TTileMap::Update': method with override specifier 'override' did not override any base class methods
  TTileMap.cpp
C:\Users\User\source\repos\TiledCPP\TiledCPP\TScene.h(14,13): error C2143: syntax error: missing ';' before '*'
C:\Users\User\source\repos\TiledCPP\TiledCPP\TScene.h(14,13): error C4430: missing type specifier - int assumed. Note: C++ does not support default-int
C:\Users\User\source\repos\TiledCPP\TiledCPP\TScene.h(14,34): error C2238: unexpected token(s) preceding ';'
C:\Users\User\source\repos\TiledCPP\TiledCPP\TScene.h(30,13): error C2143: syntax error: missing ';' before '*'
C:\Users\User\source\repos\TiledCPP\TiledCPP\TScene.h(30,13): error C4430: missing type specifier - int assumed. Note: C++ does not support default-int
C:\Users\User\source\repos\TiledCPP\TiledCPP\TScene.h(30,40): error C2238: unexpected token(s) preceding ';'
C:\Users\User\source\repos\TiledCPP\TiledCPP\TScene.h(31,13): error C2143: syntax error: missing ';' before '*'
C:\Users\User\source\repos\TiledCPP\TiledCPP\TScene.h(31,13): error C4430: missing type specifier - int assumed. Note: C++ does not support default-int
C:\Users\User\source\repos\TiledCPP\TiledCPP\TScene.h(31,27): error C2238: unexpected token(s) preceding ';'
  TWorld.cpp
  Generating Code...
